This is pdfTeX, Version 3.14159265-2.6-1.40.19 (TeX Live 2018) (preloaded format=pdflatex 2018.4.16)  25 JAN 2020 20:13
entering extended mode
 \write18 enabled.
 file:line:error style messages enabled.
 %&-line parsing enabled.
**main.tex
(./main.tex
LaTeX2e <2018-04-01> patch level 2
Babel <3.18> and hyphenation patterns for 84 language(s) loaded.
(./NAR.cls
Document Class: NAR 2007/03/23 v1.4b Standard LaTeX document class
(./fleqn.clo
File: fleqn.clo 1998/08/17 v1.1c Standard LaTeX option (flush left equations)
\mathindent=\dimen102
) (./crop.sty
Package: crop 2001/11/16 v1.6 cropmarks (mf)
\CROP@width=\dimen103
\CROP@height=\dimen104
\CROP@index=\count80
 (/usr/local/texlive/2018/texmf-dist/tex/latex/graphics/graphics.sty
Package: graphics 2017/06/25 v1.2c Standard LaTeX Graphics (DPC,SPQR)
 (/usr/local/texlive/2018/texmf-dist/tex/latex/graphics/trig.sty
Package: trig 2016/01/03 v1.10 sin cos tan (DPC)
) (/usr/local/texlive/2018/texmf-dist/tex/latex/graphics-cfg/graphics.cfg
File: graphics.cfg 2016/06/04 v1.11 sample graphics configuration
)
Package graphics Info: Driver file: pdftex.def on input line 99.
 (/usr/local/texlive/2018/texmf-dist/tex/latex/graphics-def/pdftex.def
File: pdftex.def 2018/01/08 v1.0l Graphics/color driver for pdftex
))
\CROP@offset=\count81
Package crop Info: Local config file crop.cfg used on input line 346.
 (/usr/local/texlive/2018/texmf-dist/tex/xelatex/xetexconfig/crop.cfg))
Package crop Info: using pdf(la)tex graphics driver on input line 76.
 (/usr/local/texlive/2018/texmf-dist/tex/latex/base/inputenc.sty
Package: inputenc 2018/04/06 v1.3b Input encoding file
\inpenc@prehook=\toks14
\inpenc@posthook=\toks15
) (/usr/local/texlive/2018/texmf-dist/tex/latex/amsmath/amsmath.sty
Package: amsmath 2017/09/02 v2.17a AMS math features
\@mathmargin=\skip41

For additional information on amsmath, use the `?' option.
(/usr/local/texlive/2018/texmf-dist/tex/latex/amsmath/amstext.sty
Package: amstext 2000/06/29 v2.01 AMS text
 (/usr/local/texlive/2018/texmf-dist/tex/latex/amsmath/amsgen.sty
File: amsgen.sty 1999/11/30 v2.0 generic functions
\@emptytoks=\toks16
\ex@=\dimen105
)) (/usr/local/texlive/2018/texmf-dist/tex/latex/amsmath/amsbsy.sty
Package: amsbsy 1999/11/29 v1.2d Bold Symbols
\pmbraise@=\dimen106
) (/usr/local/texlive/2018/texmf-dist/tex/latex/amsmath/amsopn.sty
Package: amsopn 2016/03/08 v2.02 operator names
)
\inf@bad=\count82
LaTeX Info: Redefining \frac on input line 213.
\uproot@=\count83
\leftroot@=\count84
LaTeX Info: Redefining \overline on input line 375.
\classnum@=\count85
\DOTSCASE@=\count86
LaTeX Info: Redefining \ldots on input line 472.
LaTeX Info: Redefining \dots on input line 475.
LaTeX Info: Redefining \cdots on input line 596.
\Mathstrutbox@=\box26
\strutbox@=\box27
\big@size=\dimen107
LaTeX Font Info:    Redeclaring font encoding OML on input line 712.
LaTeX Font Info:    Redeclaring font encoding OMS on input line 713.
\macc@depth=\count87
\c@MaxMatrixCols=\count88
\dotsspace@=\muskip10
\c@parentequation=\count89
\dspbrk@lvl=\count90
\tag@help=\toks17
\row@=\count91
\column@=\count92
\maxfields@=\count93
\andhelp@=\toks18
\eqnshift@=\dimen108
\alignsep@=\dimen109
\tagshift@=\dimen110
\tagwidth@=\dimen111
\totwidth@=\dimen112
\lineht@=\dimen113
\@envbody=\toks19
\multlinegap=\skip42
\multlinetaggap=\skip43
\mathdisplay@stack=\toks20
LaTeX Info: Redefining \[ on input line 2817.
LaTeX Info: Redefining \] on input line 2818.
) (/usr/local/texlive/2018/texmf-dist/tex/latex/amsfonts/amssymb.sty
Package: amssymb 2013/01/14 v3.01 AMS font symbols
 (/usr/local/texlive/2018/texmf-dist/tex/latex/amsfonts/amsfonts.sty
Package: amsfonts 2013/01/14 v3.01 Basic AMSFonts support
\symAMSa=\mathgroup4
\symAMSb=\mathgroup5
LaTeX Font Info:    Overwriting math alphabet `\mathfrak' in version `bold'
(Font)                  U/euf/m/n --> U/euf/b/n on input line 106.
)) (/usr/local/texlive/2018/texmf-dist/tex/latex/base/latexsym.sty
Package: latexsym 1998/08/17 v2.2e Standard LaTeX package (lasy symbols)
\symlasy=\mathgroup6
LaTeX Font Info:    Overwriting symbol font `lasy' in version `bold'
(Font)                  U/lasy/m/n --> U/lasy/b/n on input line 52.
) (/usr/local/texlive/2018/texmf-dist/tex/latex/float/float.sty
Package: float 2001/11/08 v1.3d Float enhancements (AL)
\c@float@type=\count94
\float@exts=\toks21
\float@box=\box28
\@float@everytoks=\toks22
\@floatcapt=\box29
) (/usr/local/texlive/2018/texmf-dist/tex/latex/graphics/epsfig.sty
Package: epsfig 2017/06/25 v1.7b (e)psfig emulation (SPQR)
 (/usr/local/texlive/2018/texmf-dist/tex/latex/graphics/graphicx.sty
Package: graphicx 2017/06/01 v1.1a Enhanced LaTeX Graphics (DPC,SPQR)
 (/usr/local/texlive/2018/texmf-dist/tex/latex/graphics/keyval.sty
Package: keyval 2014/10/28 v1.15 key=value parser (DPC)
\KV@toks@=\toks23
)
\Gin@req@height=\dimen114
\Gin@req@width=\dimen115
)
\epsfxsize=\dimen116
\epsfysize=\dimen117
) (/usr/local/texlive/2018/texmf-dist/tex/latex/wrapfig/wrapfig.sty
\wrapoverhang=\dimen118
\WF@size=\dimen119
\c@WF@wrappedlines=\count95
\WF@box=\box30
\WF@everypar=\toks24
Package: wrapfig 2003/01/31  v 3.6
) (/usr/local/texlive/2018/texmf-dist/tex/latex/sttools/stfloats.sty
Package: stfloats 2017/03/27 v3.3 Improve float mechanism and baselineskip settings
\@dblbotnum=\count96
\c@dblbotnumber=\count97
) (/usr/local/texlive/2018/texmf-dist/tex/latex/tools/multicol.sty
Package: multicol 2018/04/01 v1.8r multicolumn formatting (FMi)
\c@tracingmulticols=\count98
\mult@box=\box31
\multicol@leftmargin=\dimen120
\c@unbalance=\count99
\c@collectmore=\count100
\doublecol@number=\count101
\multicoltolerance=\count102
\multicolpretolerance=\count103
\full@width=\dimen121
\page@free=\dimen122
\premulticols=\dimen123
\postmulticols=\dimen124
\multicolsep=\skip44
\multicolbaselineskip=\skip45
\partial@page=\box32
\last@line=\box33
\maxbalancingoverflow=\dimen125
\mult@rightbox=\box34
\mult@grightbox=\box35
\mult@gfirstbox=\box36
\mult@firstbox=\box37
\@tempa=\box38
\@tempa=\box39
\@tempa=\box40
\@tempa=\box41
\@tempa=\box42
\@tempa=\box43
\@tempa=\box44
\@tempa=\box45
\@tempa=\box46
\@tempa=\box47
\@tempa=\box48
\@tempa=\box49
\@tempa=\box50
\@tempa=\box51
\@tempa=\box52
\@tempa=\box53
\@tempa=\box54
\c@columnbadness=\count104
\c@finalcolumnbadness=\count105
\last@try=\dimen126
\multicolovershoot=\dimen127
\multicolundershoot=\dimen128
\mult@nat@firstbox=\box55
\colbreak@box=\box56
\mc@col@check@num=\count106
) (/usr/local/texlive/2018/texmf-dist/tex/latex/graphics/rotating.sty
Package: rotating 2016/08/11 v2.16d rotated objects in LaTeX
 (/usr/local/texlive/2018/texmf-dist/tex/latex/base/ifthen.sty
Package: ifthen 2014/09/29 v1.1c Standard LaTeX ifthen package (DPC)
)
\c@r@tfl@t=\count107
\rotFPtop=\skip46
\rotFPbot=\skip47
\rot@float@box=\box57
\rot@mess@toks=\toks25
) (/usr/local/texlive/2018/texmf-dist/tex/latex/multirow/multirow.sty
Package: multirow 2016/11/25 v2.2 Span multiple rows of a table
\multirow@colwidth=\skip48
\multirow@cntb=\count108
\multirow@dima=\skip49
\bigstrutjot=\dimen129
) (/usr/local/texlive/2018/texmf-dist/tex/latex/tools/dcolumn.sty
Package: dcolumn 2014/10/28 v1.06 decimal alignment package (DPC)
 (/usr/local/texlive/2018/texmf-dist/tex/latex/tools/array.sty
Package: array 2018/04/07 v2.4g Tabular extension package (FMi)
\col@sep=\dimen130
\ar@mcellbox=\box58
\extrarowheight=\dimen131
\NC@list=\toks26
\extratabsurround=\skip50
\backup@length=\skip51
\ar@cellbox=\box59
)) (/usr/local/texlive/2018/texmf-dist/tex/latex/boxedminipage/boxedminipage.sty) (/usr/local/texlive/2018/texmf-dist/tex/latex/base/makeidx.sty
Package: makeidx 2014/09/29 v1.0m Standard LaTeX package
) (/usr/local/texlive/2018/texmf-dist/tex/latex/soul/soul.sty
Package: soul 2003/11/17 v2.4 letterspacing/underlining (mf)
\SOUL@word=\toks27
\SOUL@lasttoken=\toks28
\SOUL@cmds=\toks29
\SOUL@buffer=\toks30
\SOUL@token=\toks31
\SOUL@spaceskip=\skip52
\SOUL@ttwidth=\dimen132
\SOUL@uldp=\dimen133
\SOUL@ulht=\dimen134
) (/usr/local/texlive/2018/texmf-dist/tex/latex/url/url.sty
\Urlmuskip=\muskip11
Package: url 2013/09/16  ver 3.4  Verb mode for urls, etc.
) (/usr/local/texlive/2018/texmf-dist/tex/latex/tools/xspace.sty
Package: xspace 2014/10/28 v1.13 Space after command names (DPC,MH)
) (./times.sty
Package: times 2000/01/12 PSNFSS-v8.1 Times font as default roman (SPQR) 
)
\jnameskip=\skip53
\titleskip=\dimen135
\ruleskip=\dimen136
\ruleht=\dimen137
\droplines=\count109
\dropsep=\dimen138
\capvskip=\skip54
\caphskip=\skip55
\capwd=\dimen139
\droplinewd=\dimen140
\c@part=\count110
\c@section=\count111
\c@subsection=\count112
\c@subsubsection=\count113
\c@paragraph=\count114
\c@subparagraph=\count115
\labelwidthi=\dimen141
\labelwidthii=\dimen142
\labelwidthiii=\dimen143
\labelwidthiv=\dimen144
\topsepi=\skip56
\topsepii=\skip57
\topsepiii=\skip58
\topsepiv=\skip59
\itemsepi=\skip60
\itemsepii=\skip61
\itemsepiii=\skip62
\itemsepiv=\skip63
\labelsepi=\dimen145
\labelsepii=\dimen146
\labelsepiii=\dimen147
\labelsepiv=\dimen148
\parsepi=\dimen149
\parsepii=\dimen150
\parsepiii=\dimen151
\parsepiv=\dimen152
\rightmargini=\dimen153
\rightmarginii=\dimen154
\rightmarginiii=\dimen155
\rightmarginiv=\dimen156
\itemindenti=\dimen157
\itemindentii=\dimen158
\itemindentiii=\dimen159
\itemindentiv=\dimen160
\labelleftmargin=\dimen161
\c@figure=\count116
\c@table=\count117
\abovecaptionskip=\skip64
\belowcaptionskip=\skip65
\figurewidth=\dimen162
\figureheight=\dimen163
\dwidth=\dimen164
\dheight=\dimen165
\ncolumns=\count118
\nrows=\count119
\tablewd=\dimen166
\tablewidth=\dimen167
\captionwd=\dimen168
\tempbox=\box60
\tableleftskip=\skip66
\tablerightskip=\skip67
\tablecapleftskip=\skip68
\tablecaprightskip=\skip69
\tablefootleftskip=\skip70
\tablefootrightskip=\skip71
\footnumskip=\dimen169
\bibindent=\dimen170
\maxbibwd=\dimen171
 (./NAR-natbib.sty
Package: NAR-natbib 2000/07/24 7.0a (PWD)
\bibhang=\skip72
\bibsep=\skip73
LaTeX Info: Redefining \cite on input line 509.
\c@NAT@ctr=\count120
)
\hours=\count121
\minutes=\count122
\grid@sidemargin=\dimen172
\grid@wd=\dimen173
\grid@ht=\dimen174
\grid@linewd=\dimen175
\grid@topofline=\dimen176
LaTeX Info: Redefining \textso on input line 1856.
\currfontsize=\dimen177
 (/usr/local/texlive/2018/texmf-dist/tex/latex/amscls/amsthm.sty
Package: amsthm 2017/10/31 v2.20.4
\thm@style=\toks32
\thm@bodyfont=\toks33
\thm@headfont=\toks34
\thm@notefont=\toks35
\thm@headpunct=\toks36
\thm@preskip=\skip74
\thm@postskip=\skip75
\thm@headsep=\skip76
\dth@everypar=\toks37
)
\@indexfile=\write3
\openout3 = `main.idx'.


Writing index file main.idx
(/usr/local/texlive/2018/texmf-dist/tex/latex/was/gensymb.sty
Package: gensymb 2003/07/02 v1.0 (WaS)
)) (/usr/local/texlive/2018/texmf-dist/tex/latex/siunitx/siunitx.sty (/usr/local/texlive/2018/texmf-dist/tex/latex/l3kernel/expl3.sty
Package: expl3 2018/03/05 L3 programming layer (loader) 
 (/usr/local/texlive/2018/texmf-dist/tex/latex/l3kernel/expl3-code.tex
Package: expl3 2018/03/05 L3 programming layer (code)
\c_max_int=\count123
\l_tmpa_int=\count124
\l_tmpb_int=\count125
\g_tmpa_int=\count126
\g_tmpb_int=\count127
\g__intarray_font_int=\count128
\g__prg_map_int=\count129
\c_log_iow=\count130
\l_iow_line_count_int=\count131
\l__iow_line_target_int=\count132
\l__iow_one_indent_int=\count133
\l__iow_indent_int=\count134
\c_zero_dim=\dimen178
\c_max_dim=\dimen179
\l_tmpa_dim=\dimen180
\l_tmpb_dim=\dimen181
\g_tmpa_dim=\dimen182
\g_tmpb_dim=\dimen183
\c_zero_skip=\skip77
\c_max_skip=\skip78
\l_tmpa_skip=\skip79
\l_tmpb_skip=\skip80
\g_tmpa_skip=\skip81
\g_tmpb_skip=\skip82
\c_zero_muskip=\muskip12
\c_max_muskip=\muskip13
\l_tmpa_muskip=\muskip14
\l_tmpb_muskip=\muskip15
\g_tmpa_muskip=\muskip16
\g_tmpb_muskip=\muskip17
\l_keys_choice_int=\count135
\c__fp_leading_shift_int=\count136
\c__fp_middle_shift_int=\count137
\c__fp_trailing_shift_int=\count138
\c__fp_big_leading_shift_int=\count139
\c__fp_big_middle_shift_int=\count140
\c__fp_big_trailing_shift_int=\count141
\c__fp_Bigg_leading_shift_int=\count142
\c__fp_Bigg_middle_shift_int=\count143
\c__fp_Bigg_trailing_shift_int=\count144
\c__fp_rand_size_int=\count145
\c__fp_rand_four_int=\count146
\c__fp_rand_eight_int=\count147
\l__sort_length_int=\count148
\l__sort_min_int=\count149
\l__sort_top_int=\count150
\l__sort_max_int=\count151
\l__sort_true_max_int=\count152
\l__sort_block_int=\count153
\l__sort_begin_int=\count154
\l__sort_end_int=\count155
\l__sort_A_int=\count156
\l__sort_B_int=\count157
\l__sort_C_int=\count158
\l__tl_build_start_index_int=\count159
\l__tl_build_index_int=\count160
\l__tl_analysis_normal_int=\count161
\l__tl_analysis_index_int=\count162
\l__tl_analysis_nesting_int=\count163
\l__tl_analysis_type_int=\count164
\l__regex_internal_a_int=\count165
\l__regex_internal_b_int=\count166
\l__regex_internal_c_int=\count167
\l__regex_balance_int=\count168
\l__regex_group_level_int=\count169
\l__regex_mode_int=\count170
\c__regex_cs_in_class_mode_int=\count171
\c__regex_cs_mode_int=\count172
\l__regex_catcodes_int=\count173
\l__regex_default_catcodes_int=\count174
\c__regex_catcode_D_int=\count175
\c__regex_catcode_S_int=\count176
\c__regex_catcode_L_int=\count177
\c__regex_catcode_O_int=\count178
\c__regex_catcode_A_int=\count179
\c__regex_all_catcodes_int=\count180
\l__regex_show_lines_int=\count181
\l__regex_min_state_int=\count182
\l__regex_max_state_int=\count183
\l__regex_left_state_int=\count184
\l__regex_right_state_int=\count185
\l__regex_capturing_group_int=\count186
\l__regex_min_pos_int=\count187
\l__regex_max_pos_int=\count188
\l__regex_curr_pos_int=\count189
\l__regex_start_pos_int=\count190
\l__regex_success_pos_int=\count191
\l__regex_curr_char_int=\count192
\l__regex_curr_catcode_int=\count193
\l__regex_last_char_int=\count194
\l__regex_case_changed_char_int=\count195
\l__regex_curr_state_int=\count196
\l__regex_step_int=\count197
\l__regex_min_active_int=\count198
\l__regex_max_active_int=\count199
\l__regex_replacement_csnames_int=\count266
\l__regex_match_count_int=\count267
\l__regex_min_submatch_int=\count268
\l__regex_submatch_int=\count269
\l__regex_zeroth_submatch_int=\count270
\g__regex_trace_regex_int=\count271
\c_empty_box=\box61
\l_tmpa_box=\box62
\l_tmpb_box=\box63
\g_tmpa_box=\box64
\g_tmpb_box=\box65
\l__box_top_dim=\dimen184
\l__box_bottom_dim=\dimen185
\l__box_left_dim=\dimen186
\l__box_right_dim=\dimen187
\l__box_top_new_dim=\dimen188
\l__box_bottom_new_dim=\dimen189
\l__box_left_new_dim=\dimen190
\l__box_right_new_dim=\dimen191
\l__box_internal_box=\box66
\l__coffin_internal_box=\box67
\l__coffin_internal_dim=\dimen192
\l__coffin_offset_x_dim=\dimen193
\l__coffin_offset_y_dim=\dimen194
\l__coffin_x_dim=\dimen195
\l__coffin_y_dim=\dimen196
\l__coffin_x_prime_dim=\dimen197
\l__coffin_y_prime_dim=\dimen198
\c_empty_coffin=\box68
\l__coffin_aligned_coffin=\box69
\l__coffin_aligned_internal_coffin=\box70
\l_tmpa_coffin=\box71
\l_tmpb_coffin=\box72
\l__coffin_display_coffin=\box73
\l__coffin_display_coord_coffin=\box74
\l__coffin_display_pole_coffin=\box75
\l__coffin_display_offset_dim=\dimen199
\l__coffin_display_x_dim=\dimen256
\l__coffin_display_y_dim=\dimen257
\l__coffin_bounding_shift_dim=\dimen258
\l__coffin_left_corner_dim=\dimen259
\l__coffin_right_corner_dim=\dimen260
\l__coffin_bottom_corner_dim=\dimen261
\l__coffin_top_corner_dim=\dimen262
\l__coffin_scaled_total_height_dim=\dimen263
\l__coffin_scaled_width_dim=\dimen264
) (/usr/local/texlive/2018/texmf-dist/tex/latex/l3kernel/l3pdfmode.def
File: l3pdfmode.def 2017/03/18 v L3 Experimental driver: PDF mode
\l__driver_color_stack_int=\count272
)) (/usr/local/texlive/2018/texmf-dist/tex/latex/l3packages/xparse/xparse.sty
Package: xparse 2018/02/21 L3 Experimental document command parser
\l__xparse_current_arg_int=\count273
\g__xparse_grabber_int=\count274
\l__xparse_m_args_int=\count275
\l__xparse_mandatory_args_int=\count276
\l__xparse_v_nesting_int=\count277
)
Package: siunitx 2018-03-20 v2.7m A comprehensive (SI) units package
 (/usr/local/texlive/2018/texmf-dist/tex/latex/l3packages/l3keys2e/l3keys2e.sty
Package: l3keys2e 2018/02/21 LaTeX2e option processing using LaTeX3 keys
)
\l__siunitx_tmp_box=\box76
\l__siunitx_tmp_dim=\dimen265
\l__siunitx_tmp_int=\count278
\l__siunitx_number_mantissa_length_int=\count279
\l__siunitx_number_uncert_length_int=\count280
\l__siunitx_round_int=\count281
\l__siunitx_process_decimal_int=\count282
\l__siunitx_process_uncertainty_int=\count283
\l__siunitx_process_fixed_int=\count284
\l__siunitx_process_integer_min_int=\count285
\l__siunitx_process_precision_int=\count286
\l__siunitx_group_min_int=\count287
\l__siunitx_angle_marker_box=\box77
\l__siunitx_angle_unit_box=\box78
\l__siunitx_angle_marker_dim=\dimen266
\l__siunitx_angle_unit_dim=\dimen267
\l__siunitx_unit_int=\count288
\l__siunitx_unit_denominator_int=\count289
\l__siunitx_unit_numerator_int=\count290
\l__siunitx_unit_prefix_int=\count291
\l__siunitx_unit_prefix_base_int=\count292
\l__siunitx_unit_prefix_gram_int=\count293
\l__siunitx_number_product_int=\count294
\c__siunitx_one_fill_skip=\skip83
\l__siunitx_table_unit_align_skip=\skip84
\l__siunitx_table_exponent_dim=\dimen268
\l__siunitx_table_integer_dim=\dimen269
\l__siunitx_table_mantissa_dim=\dimen270
\l__siunitx_table_marker_dim=\dimen271
\l__siunitx_table_result_dim=\dimen272
\l__siunitx_table_uncert_dim=\dimen273
\l__siunitx_table_fill_pre_dim=\dimen274
\l__siunitx_table_fill_post_dim=\dimen275
\l__siunitx_table_fill_mid_dim=\dimen276
\l__siunitx_table_pre_box=\box79
\l__siunitx_table_post_box=\box80
\l__siunitx_table_mantissa_box=\box81
\l__siunitx_table_result_box=\box82
\l__siunitx_table_number_align_skip=\skip85
\l__siunitx_table_text_align_skip=\skip86
.................................................
. LaTeX info: "xparse/define-command"
. 
. Defining command \DeclareBinaryPrefix with sig. 'mmm' on line 7244.
.................................................
.................................................
. LaTeX info: "xparse/define-command"
. 
. Defining command \DeclareSIPostPower with sig. 'mm' on line 7247.
.................................................
.................................................
. LaTeX info: "xparse/define-command"
. 
. Defining command \DeclareSIPrefix with sig. 'mmm' on line 7250.
.................................................
.................................................
. LaTeX info: "xparse/define-command"
. 
. Defining command \DeclareSIPrePower with sig. 'mm' on line 7253.
.................................................
.................................................
. LaTeX info: "xparse/define-command"
. 
. Defining command \DeclareSIQualifier with sig. 'mm' on line 7256.
.................................................
.................................................
. LaTeX info: "xparse/define-command"
. 
. Defining command \DeclareSIUnit with sig. 'O{}mm' on line 7259.
.................................................
.................................................
. LaTeX info: "xparse/define-command"
. 
. Defining command \DeclareSIUnitWithOptions with sig. 'mmm' on line 7262.
.................................................
.................................................
. LaTeX info: "xparse/define-command"
. 
. Defining command \ang with sig. 'o>{\SplitArgument {2}{;}}m' on line 7277.
.................................................
.................................................
. LaTeX info: "xparse/define-command"
. 
. Defining command \num with sig. 'om' on line 7286.
.................................................
.................................................
. LaTeX info: "xparse/define-command"
. 
. Defining command \numlist with sig. 'o>{\SplitList {;}}m' on line 7295.
.................................................
.................................................
. LaTeX info: "xparse/define-command"
. 
. Defining command \numrange with sig. 'omm' on line 7304.
.................................................
.................................................
. LaTeX info: "xparse/define-command"
. 
. Defining command \SIlist with sig. 'o>{\SplitList {;}}mm' on line 7316.
.................................................
.................................................
. LaTeX info: "xparse/define-command"
. 
. Defining command \SIrange with sig. 'ommm' on line 7328.
.................................................
.................................................
. LaTeX info: "xparse/define-command"
. 
. Defining command \SI with sig. 'omom' on line 7340.
.................................................
.................................................
. LaTeX info: "xparse/define-command"
. 
. Defining command \sisetup with sig. 'm' on line 7343.
.................................................
.................................................
. LaTeX info: "xparse/define-command"
. 
. Defining command \tablenum with sig. 'om' on line 7358.
.................................................
.................................................
. LaTeX info: "xparse/define-command"
. 
. Defining command \si with sig. 'om' on line 7370.
.................................................
.................................................
. LaTeX info: "xparse/define-command"
. 
. Defining command \numInBookmark with sig. 'om' on line 7417.
.................................................
.................................................
. LaTeX info: "xparse/define-command"
. 
. Defining command \numrangeInBookmark with sig. 'omm' on line 7419.
.................................................
.................................................
. LaTeX info: "xparse/define-command"
. 
. Defining command \SIInBookmark with sig. 'omom' on line 7421.
.................................................
.................................................
. LaTeX info: "xparse/define-command"
. 
. Defining command \SIlistInBookmark with sig. 'omm' on line 7423.
.................................................
.................................................
. LaTeX info: "xparse/define-command"
. 
. Defining command \SIrangeInBookmark with sig. 'ommm' on line 7425.
.................................................
.................................................
. LaTeX info: "xparse/define-command"
. 
. Defining command \siInBookmark with sig. 'om' on line 7426.
.................................................
\g__file_internal_ior=\read1
 (/usr/local/texlive/2018/texmf-dist/tex/latex/translator/translator.sty
Package: translator 2018/01/04 v1.12 Easy translation of strings in LaTeX
)) (/usr/local/texlive/2018/texmf-dist/tex/latex/hyperref/hyperref.sty
Package: hyperref 2018/02/06 v6.86b Hypertext links for LaTeX
 (/usr/local/texlive/2018/texmf-dist/tex/generic/oberdiek/hobsub-hyperref.sty
Package: hobsub-hyperref 2016/05/16 v1.14 Bundle oberdiek, subset hyperref (HO)
 (/usr/local/texlive/2018/texmf-dist/tex/generic/oberdiek/hobsub-generic.sty
Package: hobsub-generic 2016/05/16 v1.14 Bundle oberdiek, subset generic (HO)
Package: hobsub 2016/05/16 v1.14 Construct package bundles (HO)
Package: infwarerr 2016/05/16 v1.4 Providing info/warning/error messages (HO)
Package: ltxcmds 2016/05/16 v1.23 LaTeX kernel commands for general use (HO)
Package: ifluatex 2016/05/16 v1.4 Provides the ifluatex switch (HO)
Package ifluatex Info: LuaTeX not detected.
Package: ifvtex 2016/05/16 v1.6 Detect VTeX and its facilities (HO)
Package ifvtex Info: VTeX not detected.
Package: intcalc 2016/05/16 v1.2 Expandable calculations with integers (HO)
Package: ifpdf 2017/03/15 v3.2 Provides the ifpdf switch
Package: etexcmds 2016/05/16 v1.6 Avoid name clashes with e-TeX commands (HO)
Package etexcmds Info: Could not find \expanded.
(etexcmds)             That can mean that you are not using pdfTeX 1.50 or
(etexcmds)             that some package has redefined \expanded.
(etexcmds)             In the latter case, load this package earlier.
Package: kvsetkeys 2016/05/16 v1.17 Key value parser (HO)
Package: kvdefinekeys 2016/05/16 v1.4 Define keys (HO)
Package: pdftexcmds 2018/01/30 v0.27 Utility functions of pdfTeX for LuaTeX (HO)
Package pdftexcmds Info: LuaTeX not detected.
Package pdftexcmds Info: \pdf@primitive is available.
Package pdftexcmds Info: \pdf@ifprimitive is available.
Package pdftexcmds Info: \pdfdraftmode found.
Package: pdfescape 2016/05/16 v1.14 Implements pdfTeX's escape features (HO)
Package: bigintcalc 2016/05/16 v1.4 Expandable calculations on big integers (HO)
Package: bitset 2016/05/16 v1.2 Handle bit-vector datatype (HO)
Package: uniquecounter 2016/05/16 v1.3 Provide unlimited unique counter (HO)
)
Package hobsub Info: Skipping package `hobsub' (already loaded).
Package: letltxmacro 2016/05/16 v1.5 Let assignment for LaTeX macros (HO)
Package: hopatch 2016/05/16 v1.3 Wrapper for package hooks (HO)
Package: xcolor-patch 2016/05/16 xcolor patch
Package: atveryend 2016/05/16 v1.9 Hooks at the very end of document (HO)
Package atveryend Info: \enddocument detected (standard20110627).
Package: atbegshi 2016/06/09 v1.18 At begin shipout hook (HO)
Package: refcount 2016/05/16 v3.5 Data extraction from label references (HO)
Package: hycolor 2016/05/16 v1.8 Color options for hyperref/bookmark (HO)
) (/usr/local/texlive/2018/texmf-dist/tex/generic/ifxetex/ifxetex.sty
Package: ifxetex 2010/09/12 v0.6 Provides ifxetex conditional
) (/usr/local/texlive/2018/texmf-dist/tex/latex/oberdiek/auxhook.sty
Package: auxhook 2016/05/16 v1.4 Hooks for auxiliary files (HO)
) (/usr/local/texlive/2018/texmf-dist/tex/latex/oberdiek/kvoptions.sty
Package: kvoptions 2016/05/16 v3.12 Key value format for package options (HO)
)
\@linkdim=\dimen277
\Hy@linkcounter=\count295
\Hy@pagecounter=\count296
 (/usr/local/texlive/2018/texmf-dist/tex/latex/hyperref/pd1enc.def
File: pd1enc.def 2018/02/06 v6.86b Hyperref: PDFDocEncoding definition (HO)
)
\Hy@SavedSpaceFactor=\count297
 (/usr/local/texlive/2018/texmf-dist/tex/latex/latexconfig/hyperref.cfg
File: hyperref.cfg 2002/06/06 v1.2 hyperref configuration of TeXLive
)
Package hyperref Info: Hyper figures OFF on input line 4509.
Package hyperref Info: Link nesting OFF on input line 4514.
Package hyperref Info: Hyper index ON on input line 4517.
Package hyperref Info: Plain pages OFF on input line 4524.
Package hyperref Info: Backreferencing OFF on input line 4529.
Package hyperref Info: Implicit mode ON; LaTeX internals redefined.
Package hyperref Info: Bookmarks ON on input line 4762.
LaTeX Info: Redefining \href on input line 5026.
\c@Hy@tempcnt=\count298
LaTeX Info: Redefining \url on input line 5115.
\XeTeXLinkMargin=\dimen278
\Fld@menulength=\count299
\Field@Width=\dimen279
\Fld@charsize=\dimen280
Package hyperref Info: Hyper figures OFF on input line 6369.
Package hyperref Info: Link nesting OFF on input line 6374.
Package hyperref Info: Hyper index ON on input line 6377.
Package hyperref Info: backreferencing OFF on input line 6384.
Package hyperref Info: Link coloring OFF on input line 6389.
Package hyperref Info: Link coloring with OCG OFF on input line 6394.
Package hyperref Info: PDF/A mode OFF on input line 6399.
LaTeX Info: Redefining \ref on input line 6439.
LaTeX Info: Redefining \pageref on input line 6443.
\Hy@abspage=\count300
\c@Item=\count301
\c@Hfootnote=\count302
)
Package hyperref Info: Driver (autodetected): hpdftex.
 (/usr/local/texlive/2018/texmf-dist/tex/latex/hyperref/hpdftex.def
File: hpdftex.def 2018/02/06 v6.86b Hyperref driver for pdfTeX
\Fld@listcount=\count303
\c@bookmark@seq@number=\count304
 (/usr/local/texlive/2018/texmf-dist/tex/latex/oberdiek/rerunfilecheck.sty
Package: rerunfilecheck 2016/05/16 v1.8 Rerun checks for auxiliary files (HO)
Package uniquecounter Info: New unique counter `rerunfilecheck' on input line 282.
)
\Hy@SectionHShift=\skip87
)
Package hyperref Info: Option `colorlinks' set `true' on input line 10.
 (/usr/local/texlive/2018/texmf-dist/tex/latex/oberdiek/epstopdf.sty
Package: epstopdf 2016/05/15 v2.6 Conversion with epstopdf on the fly (HO)
 (/usr/local/texlive/2018/texmf-dist/tex/latex/oberdiek/epstopdf-base.sty
Package: epstopdf-base 2016/05/15 v2.6 Base part for package epstopdf
 (/usr/local/texlive/2018/texmf-dist/tex/latex/oberdiek/grfext.sty
Package: grfext 2016/05/16 v1.2 Manage graphics extensions (HO)
)
Package epstopdf-base Info: Redefining graphics rule for `.eps' on input line 438.
Package grfext Info: Graphics extension search list:
(grfext)             [.pdf,.png,.jpg,.mps,.jpeg,.jbig2,.jb2,.PDF,.PNG,.JPG,.JPEG,.JBIG2,.JB2,.eps]
(grfext)             \AppendGraphicsExtensions on input line 456.
 (/usr/local/texlive/2018/texmf-dist/tex/latex/latexconfig/epstopdf-sys.cfg
File: epstopdf-sys.cfg 2010/07/13 v1.3 Configuration of (r)epstopdf for TeX Live
))) (/Users/lingyi/Documents/manuscripts/NAR-LaTeX-WORKING/.texpadtmp/main.aux)
\openout1 = `main.aux'.

LaTeX Font Info:    Checking defaults for OML/cmm/m/it on input line 24.
LaTeX Font Info:    ... okay on input line 24.
LaTeX Font Info:    Checking defaults for T1/cmr/m/n on input line 24.
LaTeX Font Info:    ... okay on input line 24.
LaTeX Font Info:    Checking defaults for OT1/cmr/m/n on input line 24.
LaTeX Font Info:    ... okay on input line 24.
LaTeX Font Info:    Checking defaults for OMS/cmsy/m/n on input line 24.
LaTeX Font Info:    ... okay on input line 24.
LaTeX Font Info:    Checking defaults for OMX/cmex/m/n on input line 24.
LaTeX Font Info:    ... okay on input line 24.
LaTeX Font Info:    Checking defaults for U/cmr/m/n on input line 24.
LaTeX Font Info:    ... okay on input line 24.
LaTeX Font Info:    Checking defaults for PD1/pdf/m/n on input line 24.
LaTeX Font Info:    ... okay on input line 24.
LaTeX Font Info:    Try loading font information for OT1+ptm on input line 24.
 (/usr/local/texlive/2018/texmf-dist/tex/latex/psnfss/ot1ptm.fd
File: ot1ptm.fd 2001/06/04 font definitions for OT1/ptm.
) (/usr/local/texlive/2018/texmf-dist/tex/context/base/mkii/supp-pdf.mkii
[Loading MPS to PDF converter (version 2006.09.02).]
\scratchcounter=\count305
\scratchdimen=\dimen281
\scratchbox=\box83
\nofMPsegments=\count306
\nofMParguments=\count307
\everyMPshowfont=\toks38
\MPscratchCnt=\count308
\MPscratchDim=\dimen282
\MPnumerator=\count309
\makeMPintoPDFobject=\count310
\everyMPtoPDFconversion=\toks39
)
LaTeX Info: Redefining \celsius on input line 24.
Package gensymb Info: Faking symbols for \degree and \celsius on input line 24.


Package gensymb Warning: Not defining \perthousand.

LaTeX Info: Redefining \ohm on input line 24.
Package gensymb Info: Using \Omega for \ohm on input line 24.

Package gensymb Warning: Not defining \micro.

(/usr/local/texlive/2018/texmf-dist/tex/latex/translator/translator-basic-dictionary-English.dict
Dictionary: translator-basic-dictionary, Language: English 
) (/usr/local/texlive/2018/texmf-dist/tex/latex/siunitx/siunitx-abbreviations.cfg
File: siunitx-abbreviations.cfg 2017/11/26 v2.7k siunitx: Abbreviated units
)
\AtBeginShipoutBox=\box84
 (/usr/local/texlive/2018/texmf-dist/tex/latex/graphics/color.sty
Package: color 2016/07/10 v1.1e Standard LaTeX Color (DPC)
LaTeX Info: Redefining \color on input line 86.
 (/usr/local/texlive/2018/texmf-dist/tex/latex/graphics-cfg/color.cfg
File: color.cfg 2016/01/02 v1.6 sample color configuration
)
Package color Info: Driver file: pdftex.def on input line 147.
)
Package hyperref Info: Link coloring ON on input line 24.
 (/usr/local/texlive/2018/texmf-dist/tex/latex/hyperref/nameref.sty
Package: nameref 2016/05/21 v2.44 Cross-referencing by name of section
 (/usr/local/texlive/2018/texmf-dist/tex/generic/oberdiek/gettitlestring.sty
Package: gettitlestring 2016/05/16 v1.5 Cleanup title references (HO)
)
\c@section@level=\count311
)
LaTeX Info: Redefining \ref on input line 24.
LaTeX Info: Redefining \pageref on input line 24.
LaTeX Info: Redefining \nameref on input line 24.
 (/Users/lingyi/Documents/manuscripts/NAR-LaTeX-WORKING/.texpadtmp/main.out) (/Users/lingyi/Documents/manuscripts/NAR-LaTeX-WORKING/.texpadtmp/main.out)
\@outlinefile=\write4
\openout4 = `main.out'.

LaTeX Font Info:    Try loading font information for U+msa on input line 24.
 (/usr/local/texlive/2018/texmf-dist/tex/latex/amsfonts/umsa.fd
File: umsa.fd 2013/01/14 v3.01 AMS symbols A
)
LaTeX Font Info:    Try loading font information for U+msb on input line 24.
 (/usr/local/texlive/2018/texmf-dist/tex/latex/amsfonts/umsb.fd
File: umsb.fd 2013/01/14 v3.01 AMS symbols B
)
LaTeX Font Info:    Try loading font information for U+lasy on input line 24.
 (/usr/local/texlive/2018/texmf-dist/tex/latex/base/ulasy.fd
File: ulasy.fd 1998/08/17 v2.2e LaTeX symbol font definitions
)

Package hyperref Warning: bookmark level for unknown article defaults to 0.


LaTeX Font Warning: Font shape `OT1/cmss/b/n' undefined
(Font)              using `OT1/cmss/m/n' instead on input line 54.


LaTeX Font Warning: Font shape `OT1/cmss/m/n' in size <20> not available
(Font)              size <20.74> substituted on input line 54.


LaTeX Font Warning: Font shape `OT1/cmss/b/n' in size <20> not available
(Font)              size <20.74> substituted on input line 54.

Missing character: There is no √ in font cmss12!
Missing character: There is no ß in font cmss12!

LaTeX Font Warning: Font shape `OT1/cmss/n/n' undefined
(Font)              using `OT1/cmss/m/n' instead on input line 54.

Missing character: There is no Ô in font cmss10!
Missing character: There is no º in font cmss10!
Missing character: There is no å in font cmss10!
Missing character: There is no Ô in font cmss10!
Missing character: There is no º in font cmss10!
Missing character: There is no å in font cmss10!

Overfull \hbox (267.0pt too wide) in paragraph at lines 54--54
[][] 
 []


Underfull \hbox (badness 10000) in paragraph at lines 55--69
\OT1/cmss/b/n/10 impacting biogeochemical cycling of nutrients and
 []


Underfull \hbox (badness 3884) in paragraph at lines 55--69
\OT1/cmss/b/n/10 energy. Virioplankton can only reproduce themselves
 []


Underfull \hbox (badness 1609) in paragraph at lines 55--69
\OT1/cmss/b/n/10 influence marine ecosystems through interactions with
 []


Underfull \hbox (badness 1412) in paragraph at lines 55--69
\OT1/cmss/b/n/10 of marine viral and bacterial diversity in the pelagic
 []


Underfull \hbox (badness 1603) in paragraph at lines 55--69
\OT1/cmss/b/n/10 bacterioplankton communities were characterized using
 []


Underfull \hbox (badness 4726) in paragraph at lines 55--69
\OT1/cmss/b/n/10 observations of virioplankton community composition
 []


Underfull \hbox (badness 1675) in paragraph at lines 55--69
\OT1/cmss/b/n/10 and diversity in environmental changes and microbial
 []


Underfull \hbox (badness 1769) in paragraph at lines 55--69
\OT1/cmss/b/n/10 virioplankton and bacterioplankton communities across
 []


Underfull \hbox (badness 1142) in paragraph at lines 55--69
\OT1/cmss/b/n/10 the sampling days and sampling depths and compare
 []


Underfull \hbox (badness 5563) in paragraph at lines 55--69
\OT1/cmss/b/n/10 their patterns, (c) investigate seasonal and spatial
 []


Underfull \hbox (badness 1590) in paragraph at lines 55--69
\OT1/cmss/b/n/10 from environmental samples. We found that seasonal
 []


Underfull \hbox (badness 3039) in paragraph at lines 55--69
\OT1/cmss/b/n/10 and subsequently influenced changes in virioplankton
 []

Missing character: There is no ‚ in font ptmr7t!
Missing character: There is no Ä in font ptmr7t!
Missing character: There is no ô in font ptmr7t!

Underfull \hbox (badness 4886) in paragraph at lines 73--78
\OT1/ptm/m/n/10 Virioplankton are major players in ocean ecosystems,
 []


Underfull \hbox (badness 2443) in paragraph at lines 73--78
\OT1/ptm/m/n/10 energy (([][]Suttle[][], [][]2005[][])). Viruses are the most abundant
 []


Underfull \hbox (badness 1057) in paragraph at lines 73--78
\OT1/ptm/m/n/10 proteins to make new capsids (([][]Whittaker and Helenius[][],
 []


Underfull \hbox (badness 1389) in paragraph at lines 79--81
[]\OT1/ptm/m/n/10 Virioplankton in lytic cycles can kill bacterioplankton
 []

Missing character: There is no ‚ in font ptmr7t!
Missing character: There is no Ä in font ptmr7t!
Missing character: There is no ì in font ptmr7t!

Underfull \hbox (badness 1221) in paragraph at lines 87--94
[]\OT1/ptm/m/n/10 bacterioplankton productivity  it is responsible for 10
 []


Underfull \hbox (badness 1616) in paragraph at lines 87--94
\OT1/ptm/m/n/10 Bacterioplankton lysis comprises the largest carbon flux
 []


Underfull \hbox (badness 3179) in paragraph at lines 87--94
\OT1/ptm/m/n/10 process between biomass and dissolved organic matter
 []


Underfull \hbox (badness 2913) in paragraph at lines 87--94
\OT1/ptm/m/n/10 to DOM performed by viral lysis is five times more
 []


Underfull \hbox (badness 1596) in paragraph at lines 87--94
\OT1/ptm/m/n/10 biomass to DOM sustains the cycles of nutrients, such
 []


Underfull \hbox (badness 1038) in paragraph at lines 87--94
\OT1/ptm/m/n/10 as carbon, nitrogen, phosphate, iron and etc., which are
 []


Underfull \hbox (badness 3612) in paragraph at lines 87--94
\OT1/ptm/m/n/10 through top-down and bottom-up controls, viruses can
 []


Underfull \hbox (badness 2181) in paragraph at lines 87--94
\OT1/ptm/m/n/10 influence bacterial behaviors (such as improving fitness
 []


Underfull \hbox (badness 1122) in paragraph at lines 87--94
\OT1/ptm/m/n/10 in the face of environmental changes ((([][]Jiang and Paul[][],
 []

LaTeX Font Info:    Font shape `OT1/ptm/bx/it' in size <10> not available
(Font)              Font shape `OT1/ptm/b/it' tried instead on input line 94.
LaTeX Font Info:    Calculating math sizes for size <7.5> on input line 94.

LaTeX Font Warning: Font shape `OT1/cmr/m/n' in size <7.5> not available
(Font)              size <7> substituted on input line 94.


LaTeX Font Warning: Font shape `OT1/cmr/m/n' in size <3.75> not available
(Font)              size <5> substituted on input line 94.


LaTeX Font Warning: Font shape `OML/cmm/m/it' in size <7.5> not available
(Font)              size <7> substituted on input line 94.


LaTeX Font Warning: Font shape `OML/cmm/m/it' in size <3.75> not available
(Font)              size <5> substituted on input line 94.


LaTeX Font Warning: Font shape `OMS/cmsy/m/n' in size <7.5> not available
(Font)              size <7> substituted on input line 94.


LaTeX Font Warning: Font shape `OMS/cmsy/m/n' in size <3.75> not available
(Font)              size <5> substituted on input line 94.


LaTeX Font Warning: Font shape `OT1/cmss/m/n' in size <7.5> not available
(Font)              size <7> substituted on input line 94.


LaTeX Font Warning: Font shape `OT1/cmss/m/n' in size <3.75> not available
(Font)              size <5> substituted on input line 94.


LaTeX Font Warning: Font shape `OT1/cmtt/m/n' in size <7.5> not available
(Font)              size <7> substituted on input line 94.


LaTeX Font Warning: Font shape `OT1/cmtt/m/n' in size <3.75> not available
(Font)              size <5> substituted on input line 94.


LaTeX Font Warning: Font shape `U/lasy/m/n' in size <7.5> not available
(Font)              size <7> substituted on input line 94.


LaTeX Font Warning: Font shape `U/lasy/m/n' in size <3.75> not available
(Font)              size <5> substituted on input line 94.

LaTeX Font Info:    Try loading font information for OMS+ptm on input line 94.
(/usr/local/texlive/2018/texmf-dist/tex/latex/psnfss/omsptm.fd
File: omsptm.fd 
)
LaTeX Font Info:    Font shape `OMS/ptm/m/n' in size <7.5> not available
(Font)              Font shape `OMS/cmsy/m/n' tried instead on input line 94.


LaTeX Font Warning: Font shape `OMS/cmsy/m/n' in size <7.5> not available
(Font)              size <7> substituted on input line 94.

[1{/usr/local/texlive/2018/texmf-var/fonts/map/pdftex/updmap/pdftex.map}


]
Underfull \hbox (badness 2050) in paragraph at lines 95--100
\OT1/ptm/m/n/10 bacterioplankton. Different virioplankton populations can
 []


Underfull \hbox (badness 1337) in paragraph at lines 95--100
\OT1/ptm/m/n/10 ways. However, the behavior of individual virioplankton
 []


Underfull \hbox (badness 1158) in paragraph at lines 95--100
\OT1/ptm/m/n/10 populations and the detailed interaction between specific
 []


Underfull \hbox (badness 10000) in paragraph at lines 95--100
\OT1/ptm/m/n/10 virioplankton and bacterioplankton populations remain
 []


Underfull \hbox (badness 2065) in paragraph at lines 95--100
\OT1/ptm/m/n/10 patterns of marine microbial diversity in pelagic ocean
 []


Underfull \hbox (badness 1231) in paragraph at lines 95--100
\OT1/ptm/m/n/10 to acquire a better understanding of marine ecosystems.
 []


Underfull \hbox (badness 10000) in paragraph at lines 95--100
\OT1/ptm/m/n/10 Diversity of virioplankton communities are expected
 []


Underfull \hbox (badness 4205) in paragraph at lines 95--100
\OT1/ptm/m/n/10 to dynamically respond to environmental changes and
 []


Underfull \hbox (badness 1565) in paragraph at lines 101--109
\OT1/ptm/m/n/10 is largely because the 16S rRNA gene is found in all
 []


Underfull \hbox (badness 1028) in paragraph at lines 101--109
\OT1/ptm/m/n/10 marker gene because of the polyphyletic nature of viral
 []


Underfull \hbox (badness 1057) in paragraph at lines 101--109
\OT1/ptm/m/n/10 the virioplankton. However, a few genes are widespread
 []

LaTeX Font Info:    Font shape `OT1/ptm/bx/n' in size <10> not available
(Font)              Font shape `OT1/ptm/b/n' tried instead on input line 114.

Underfull \hbox (badness 1189) in paragraph at lines 111--117
\OT1/ptm/b/n/10 infecting hosts within all three domains of life. \OT1/ptm/m/n/10 Lytic
 []


Underfull \hbox (badness 1308) in paragraph at lines 111--117
\OT1/ptm/m/n/10 viruses usually carry RNRs so that they can synthesize
 []


Underfull \hbox (badness 1158) in paragraph at lines 111--117
\OT1/ptm/m/n/10 DNA and replicate fast by ensuring a steady supply of
 []


Underfull \vbox (badness 10000) has occurred while \output is active []


Underfull \hbox (badness 2970) in paragraph at lines 118--126
\OT1/ptm/m/n/10 three physiological classes according to reactivity with
 []


Underfull \hbox (badness 1087) in paragraph at lines 118--126
\OT1/ptm/m/n/10 III RNRs are sensitive to oxygen. Class I and Class II
 []


Underfull \hbox (badness 1107) in paragraph at lines 118--126
\OT1/ptm/m/n/10 oxygen (([][]Nordlund and Reichard[][], [][]2006[][])). Ribonucleotide
 []


Underfull \hbox (badness 10000) in paragraph at lines 118--126
\OT1/ptm/m/n/10 triphosphate reductase (RTPR) reduce ribonucleotide
 []


Underfull \hbox (badness 1354) in paragraph at lines 127--130
[]\OT1/ptm/m/n/10 Thanks to the advancement of sequencing techniques,
 []


Underfull \hbox (badness 4981) in paragraph at lines 127--130
\OT1/ptm/m/n/10 now provide massive amounts of sequencing data to
 []


Underfull \hbox (badness 4621) in paragraph at lines 127--130
\OT1/ptm/m/n/10 coordinates analysis (PCoA) and correlation tests, are
 []


Underfull \hbox (badness 10000) in paragraph at lines 135--138
[]\OT1/ptm/m/n/10 In contrast, datasets collected by high-throughput
 []


Underfull \hbox (badness 1418) in paragraph at lines 135--138
\OT1/ptm/m/n/10 of sequences obtained from a sample have an arbitrary
 []


Underfull \vbox (badness 10000) has occurred while \output is active []

 [2]
Underfull \hbox (badness 1406) in paragraph at lines 139--142
[]\OT1/ptm/m/n/10 As for sequencing, an Illumina MiSeq sequencer can
 []


Underfull \hbox (badness 1360) in paragraph at lines 144--149
\OT1/ptm/m/n/10 environmental samples as each step in the experimental
 []


Underfull \hbox (badness 4792) in paragraph at lines 144--149
\OT1/ptm/m/n/10 workflow preferentially detects some taxa over others
 []


Underfull \hbox (badness 3635) in paragraph at lines 144--149
\OT1/ptm/m/n/10 (([][]Brooks et al.[][], [][]2015[][]); ([][]Sinha et al.[][], [][]2017[][]), ([][]Brooks[][],
 []


Underfull \hbox (badness 2726) in paragraph at lines 144--149
\OT1/ptm/m/n/10 compositions from environmental samples. Both of the
 []


Underfull \hbox (badness 1028) in paragraph at lines 144--149
\OT1/ptm/m/n/10 Recent studies found that analyses based on proportions
 []


Underfull \hbox (badness 4608) in paragraph at lines 144--149
\OT1/ptm/m/n/10 between compositions from different samples are less
 []


Underfull \hbox (badness 10000) in paragraph at lines 150--153
\OT1/ptm/m/n/10 studies are compositional and should be treated as
 []


Underfull \hbox (badness 2426) in paragraph at lines 150--153
\OT1/ptm/m/n/10 compositional data at all stages of analysis. Thus, we
 []

Missing character: There is no √ in font ptmr7t!
Missing character: There is no £ in font ptmr7t!
Missing character: There is no ‚ in font ptmr7t!
Missing character: There is no Ä in font ptmr7t!
Missing character: There is no ú in font ptmr7t!
Missing character: There is no ‚ in font ptmr7t!
Missing character: There is no Ä in font ptmr7t!
Missing character: There is no ù in font ptmr7t!

Underfull \hbox (badness 1320) in paragraph at lines 168--177
\OT1/ptm/m/n/10 water temperature ($[]$C), salinity (SPC), current direction
 []


Underfull \hbox (badness 1028) in paragraph at lines 168--177
\OT1/ptm/m/n/10 ($[]$), and current velocity (m/s). Temperature and salinity
 []

LaTeX Font Info:    Try loading font information for TS1+ptm on input line 189.
(/usr/local/texlive/2018/texmf-dist/tex/latex/psnfss/ts1ptm.fd
File: ts1ptm.fd 2001/06/04 font definitions for TS1/ptm.
)
Underfull \hbox (badness 4505) in paragraph at lines 186--191
\OT1/ptm/m/n/10 identification and enumeration. Seawater samples were
 []


Underfull \hbox (badness 2401) in paragraph at lines 192--197
[]\OT1/ptm/m/n/10 Viral and microbial fractions were separated through
 []


Underfull \hbox (badness 10000) in paragraph at lines 192--197
\OT1/ptm/m/n/10 peristaltic filtration. Each water sample was filtered
 []


Underfull \hbox (badness 2698) in paragraph at lines 192--197
\OT1/ptm/m/n/10 sequentially through a [][] pore-size Sterivex filter
 []


Underfull \hbox (badness 3068) in paragraph at lines 192--197
\OT1/ptm/m/n/10 Anotop filter (Whatman, WHA68092002) (Steward and
 []

[3]
Missing character: There is no ‚ in font ptmr7t!
Missing character: There is no Ä in font ptmr7t!
Missing character: There is no ô in font ptmr7t!

Underfull \hbox (badness 5161) in paragraph at lines 204--207
\OT1/ptm/m/n/10 WI, United States) per the manufacturers instructions
 []


Underfull \hbox (badness 3009) in paragraph at lines 204--207
\OT1/ptm/m/n/10 with adaptions and quantified with a HS DNA Qubit
 []

Missing character: There is no ƒ in font ptmr7t!
Missing character: There is no ± in font ptmr7t!
Missing character: There is no Ã in font ptmr7t!
Missing character: There is no Å in font ptmr7t!

Underfull \hbox (badness 2707) in paragraph at lines 210--215
\OT1/ptm/m/n/10 For the bacterial 16S rDNA gene analysis, DNA was
 []


Underfull \hbox (badness 1259) in paragraph at lines 210--215
\OT1/ptm/m/n/10 States) utilizing a dual-indexing strategy for multiplexed
 []

Missing character: There is no ‚ in font ptmr7t!
Missing character: There is no Ä in font ptmr7t!
Missing character: There is no ô in font ptmr7t!

Underfull \hbox (badness 1527) in paragraph at lines 218--223
\OT1/ptm/m/n/10 were generated. Reads with less than three full passes,
 []


Underfull \hbox (badness 2495) in paragraph at lines 218--223
\OT1/ptm/m/n/10 a length shorter than 250 bp or larger than 5000 bp
 []


Underfull \hbox (badness 3219) in paragraph at lines 218--223
\OT1/ptm/m/n/10 were excluded. Generated circular consensus sequences
 []


Underfull \hbox (badness 1237) in paragraph at lines 218--223
\OT1/ptm/m/n/10 QIIME1. Barcode-demultiplexed reads were screened for
 []


Underfull \hbox (badness 2269) in paragraph at lines 218--223
\OT1/ptm/m/n/10 forward and reverse degenerate primer sequences using
 []


Underfull \hbox (badness 4981) in paragraph at lines 218--223
\OT1/ptm/m/n/10 Daniel Naskos demultiplex.pl script ([][]$https : / / github . com /
 []

Missing character: There is no ‚ in font ptmr7t!
Missing character: There is no Ä in font ptmr7t!
Missing character: There is no ô in font ptmr7t!
LaTeX Font Info:    Try loading font information for OT1+pcr on input line 231.
(/usr/local/texlive/2018/texmf-dist/tex/latex/psnfss/ot1pcr.fd
File: ot1pcr.fd 2001/06/04 font definitions for OT1/pcr.
)
Underfull \hbox (badness 6625) in paragraph at lines 224--233
[]\OT1/ptm/m/n/10 Reads containing both forward and reverse primer
 []


Underfull \hbox (badness 1082) in paragraph at lines 224--233
\OT1/ptm/m/n/10 screened for key catalytic sites using Protein active site
 []


Underfull \hbox (badness 1701) in paragraph at lines 234--237
\OT1/ptm/m/n/10 calculated using the R package compositions (([][]van den
 []


Underfull \hbox (badness 1454) in paragraph at lines 234--237
\OT1/ptm/m/n/10 Boogaart et al.[][], [][]2018[][])) and tested for significance with
 []


Underfull \hbox (badness 10000) in paragraph at lines 234--237
\OT1/pcr/m/n/10 beta-group-significance \OT1/ptm/m/n/10 command (([][]Anderson[][],
 []


Underfull \hbox (badness 3679) in paragraph at lines 234--237
\OT1/ptm/m/n/10 (([][]Palarea-Albaladejo and Mart[]^^Pn-Fern[]andez[][], [][]2015[][])). The
 []


Underfull \hbox (badness 1490) in paragraph at lines 234--237
\OT1/ptm/m/n/10 replaced data set, and the data were subsequently used
 []


Underfull \hbox (badness 1509) in paragraph at lines 238--241
\OT1/ptm/m/n/10 between virioplankton diversity and associated metadata,
 []


Underfull \hbox (badness 1502) in paragraph at lines 238--241
\OT1/ptm/m/n/10 viral abundance, was tested using Mantel test (([][]Mantel[][],
 []


Underfull \hbox (badness 10000) in paragraph at lines 238--241
[][]\OT1/ptm/m/n/10 1967[][]);([][]Pearson[][], [][]1895[][]);([][]Spearman[][], [][]2010[][]);) in QIIME2.
 []


Underfull \hbox (badness 1264) in paragraph at lines 242--244
[]\OT1/ptm/m/n/10 Alpha diversity was calculated using the R packages:
 []

Missing character: There is no Ù in font ptmr7t!
Missing character: There is no è in font ptmr7t!
Missing character: There is no ∞ in font ptmr7t!
Missing character: There is no ì in font ptmr7t!
Missing character: There is no Ù in font ptmr7t!
Missing character: There is no è in font ptmr7t!
Missing character: There is no ∞ in font ptmr7t!
Missing character: There is no ì in font ptmr7t!
Missing character: There is no Ù in font ptmr7t!
Missing character: There is no è in font ptmr7t!
Missing character: There is no ∞ in font ptmr7t!
Missing character: There is no è in font ptmr7t!

Underfull \vbox (badness 10000) has occurred while \output is active []

 [4]
Missing character: There is no ‚ in font ptmr7t!
Missing character: There is no Ä in font ptmr7t!
Missing character: There is no ô in font ptmr7t!
Missing character: There is no ‚ in font ptmr7t!
Missing character: There is no Ä in font ptmr7t!
Missing character: There is no ô in font ptmr7t!
Missing character: There is no ‚ in font ptmr7t!
Missing character: There is no Ä in font ptmr7t!
Missing character: There is no ô in font ptmr7t!
Missing character: There is no ‚ in font ptmr7t!
Missing character: There is no Ä in font ptmr7t!
Missing character: There is no ì in font ptmr7t!

Underfull \hbox (badness 1888) in paragraph at lines 253--258
\OT1/ptm/m/n/10 were removed from further downstream analysis. When
 []


Underfull \hbox (badness 1308) in paragraph at lines 253--258
\OT1/ptm/m/n/10 appropriate, data was normalized using metagenomeSeqs
 []


Underfull \hbox (badness 1810) in paragraph at lines 253--258
\OT1/ptm/m/n/10 plots of BrayCurtis, Weighted and Unweighted UniFrac
 []

Package epstopdf Info: Source file: <./figs/watercolumn.eps>
(epstopdf)                    date: 2020-01-23 20:09:44
(epstopdf)                    size: 9813537 bytes
(epstopdf)             Output file: <./figs/watercolumn-eps-converted-to.pdf>
(epstopdf)                    date: 2020-01-23 20:17:02
(epstopdf)                    size: 248347 bytes
(epstopdf)             Command: <epstopdf --outfile=./figs/watercolumn-eps-converted-to.pdf ./figs/watercolumn.eps>
(epstopdf)             \includegraphics on input line 265.
Package epstopdf Info: Output file is already uptodate.
<./figs/watercolumn-eps-converted-to.pdf, id=287, 1446.40375pt x 1124.2pt>
File: ./figs/watercolumn-eps-converted-to.pdf Graphic file (type pdf)
<use ./figs/watercolumn-eps-converted-to.pdf>
Package pdftex.def Info: ./figs/watercolumn-eps-converted-to.pdf  used on input line 265.
(pdftex.def)             Requested size: 426.79134pt x 331.7219pt.
LaTeX Font Info:    Font shape `OT1/ptm/bx/n' in size <8> not available
(Font)              Font shape `OT1/ptm/b/n' tried instead on input line 268.

Underfull \hbox (badness 10000) in paragraph at lines 272--281
\OT1/ptm/m/n/10 Temperature and salinity of surface seawater were
 []


Underfull \hbox (badness 1661) in paragraph at lines 272--281
\OT1/ptm/m/n/10 homogeneous prior to June, especially in the upper 40
 []


Underfull \hbox (badness 1701) in paragraph at lines 272--281
\OT1/ptm/m/n/10 started to increase in early June, continuing throughout
 []


Underfull \hbox (badness 1210) in paragraph at lines 272--281
\OT1/ptm/m/n/10 in the region. Downwelling anticyclonic vortex is likely
 []


Underfull \hbox (badness 10000) in paragraph at lines 292--293
\OT1/ptm/m/n/10 The most abundant bacterioplankton phyla were
 []


Underfull \hbox (badness 6284) in paragraph at lines 292--293
\OT1/ptm/m/n/10 Proteobacteria, Bacteroidetes and Cyanobacteria in all
 []


Underfull \hbox (badness 7722) in paragraph at lines 292--293
\OT1/ptm/m/n/10 samples as order using CLR transformed abundance
 []


Underfull \hbox (badness 2334) in paragraph at lines 292--293
\OT1/ptm/m/n/10 (Supplementary Table S1), however, the most abundant
 []


Underfull \hbox (badness 1194) in paragraph at lines 292--293
\OT1/ptm/m/n/10 and Bacteroidetes in all samples as order using relative
 []

Package epstopdf Info: Source file: <./figs/sample_day_pca.eps>
(epstopdf)                    date: 2020-01-23 20:26:12
(epstopdf)                    size: 6775532 bytes
(epstopdf)             Output file: <./figs/sample_day_pca-eps-converted-to.pdf>
(epstopdf)                    date: 2020-01-23 20:27:38
(epstopdf)                    size: 127593 bytes
(epstopdf)             Command: <epstopdf --outfile=./figs/sample_day_pca-eps-converted-to.pdf ./figs/sample_day_pca.eps>
(epstopdf)             \includegraphics on input line 298.
Package epstopdf Info: Output file is already uptodate.
<./figs/sample_day_pca-eps-converted-to.pdf, id=289, 1448.41125pt x 774.895pt>
File: ./figs/sample_day_pca-eps-converted-to.pdf Graphic file (type pdf)
<use ./figs/sample_day_pca-eps-converted-to.pdf>
Package pdftex.def Info: ./figs/sample_day_pca-eps-converted-to.pdf  used on input line 298.
(pdftex.def)             Requested size: 426.79134pt x 228.33191pt.

Underfull \hbox (badness 6961) in paragraph at lines 305--309
\OT1/ptm/m/n/10 distances computed for all samples revealed obvious
 []


Underfull \hbox (badness 3271) in paragraph at lines 305--309
\OT1/ptm/m/n/10 day Jun22 along PC1 and PC2, which accounted for
 []


Underfull \hbox (badness 2042) in paragraph at lines 310--315
[]\OT1/ptm/m/n/10 Obvious clustering was also revealed across different
 []


Underfull \hbox (badness 1038) in paragraph at lines 310--315
\OT1/ptm/m/n/10 S1A and Table S4). Samples clustered from 0 m depth
 []


Underfull \hbox (badness 1874) in paragraph at lines 310--315
\OT1/ptm/m/n/10 distributed along the diagnol of the PCA plot. Sample
 []

[5]
Package epstopdf Info: Source file: <./figs/dendrogram_vertical.eps>
(epstopdf)                    date: 2020-01-23 20:29:26
(epstopdf)                    size: 6302310 bytes
(epstopdf)             Output file: <./figs/dendrogram_vertical-eps-converted-to.pdf>
(epstopdf)                    date: 2020-01-23 20:29:41
(epstopdf)                    size: 294646 bytes
(epstopdf)             Command: <epstopdf --outfile=./figs/dendrogram_vertical-eps-converted-to.pdf ./figs/dendrogram_vertical.eps>
(epstopdf)             \includegraphics on input line 320.
Package epstopdf Info: Output file is already uptodate.
<./figs/dendrogram_vertical-eps-converted-to.pdf, id=301, 865.2325pt x 1206.5075pt>
File: ./figs/dendrogram_vertical-eps-converted-to.pdf Graphic file (type pdf)
<use ./figs/dendrogram_vertical-eps-converted-to.pdf>
Package pdftex.def Info: ./figs/dendrogram_vertical-eps-converted-to.pdf  used on input line 320.
(pdftex.def)             Requested size: 369.88582pt x 515.78732pt.
Missing character: There is no ¬ in font ptmr7t!
Missing character: There is no ∞ in font ptmr7t!
Missing character: There is no ¬ in font ptmr7t!
Missing character: There is no ∞ in font ptmr7t!
Package epstopdf Info: Source file: <./figs/Bacterial_and_viral_shannon_day.eps>
(epstopdf)                    date: 2020-01-23 20:31:35
(epstopdf)                    size: 1920090 bytes
(epstopdf)             Output file: <./figs/Bacterial_and_viral_shannon_day-eps-converted-to.pdf>
(epstopdf)                    date: 2020-01-23 20:32:02
(epstopdf)                    size: 46293 bytes
(epstopdf)             Command: <epstopdf --outfile=./figs/Bacterial_and_viral_shannon_day-eps-converted-to.pdf ./figs/Bacterial_and_viral_shannon_day.eps>
(epstopdf)             \includegraphics on input line 339.
Package epstopdf Info: Output file is already uptodate.
<./figs/Bacterial_and_viral_shannon_day-eps-converted-to.pdf, id=303, 702.625pt x 451.6875pt>
File: ./figs/Bacterial_and_viral_shannon_day-eps-converted-to.pdf Graphic file (type pdf)
<use ./figs/Bacterial_and_viral_shannon_day-eps-converted-to.pdf>
Package pdftex.def Info: ./figs/Bacterial_and_viral_shannon_day-eps-converted-to.pdf  used on input line 339.
(pdftex.def)             Requested size: 426.79134pt x 274.37108pt.

Underfull \vbox (badness 10000) has occurred while \output is active []


Underfull \hbox (badness 3815) in paragraph at lines 346--350
\OT1/ptm/m/n/10 and tested for significance over time and over depth
 []


Underfull \hbox (badness 1087) in paragraph at lines 346--350
\OT1/ptm/m/n/10 and compare ecosystem diversity across one of multiple
 []


Underfull \hbox (badness 2229) in paragraph at lines 346--350
\OT1/ptm/m/n/10 environmental covariates. DivNet focuses on differences
 []


Underfull \hbox (badness 2197) in paragraph at lines 351--357
\OT1/ptm/m/n/10 Shannon diversity of bacterioplankton and virioplankton
 []


Underfull \hbox (badness 7186) in paragraph at lines 351--357
\OT1/ptm/m/n/10 with the start of seawater stratification and nutrient
 []


Underfull \hbox (badness 1521) in paragraph at lines 351--357
\OT1/ptm/m/n/10 experienced a local maximum. It is likely because that
 []


Underfull \hbox (badness 2435) in paragraph at lines 351--357
\OT1/ptm/m/n/10 the dominant bacteria on Jun22 (Julian Day 192) had
 []


Underfull \vbox (badness 10000) has occurred while \output is active []

 [6 <./figs/watercolumn-eps-converted-to.pdf>]
Package epstopdf Info: Source file: <./figs/within_fraction_proportionality.eps>
(epstopdf)                    date: 2020-01-23 20:33:35
(epstopdf)                    size: 24828119 bytes
(epstopdf)             Output file: <./figs/within_fraction_proportionality-eps-converted-to.pdf>
(epstopdf)                    date: 2020-01-23 20:33:45
(epstopdf)                    size: 435775 bytes
(epstopdf)             Command: <epstopdf --outfile=./figs/within_fraction_proportionality-eps-converted-to.pdf ./figs/within_fraction_proportionality.eps>
(epstopdf)             \includegraphics on input line 362.
Package epstopdf Info: Output file is already uptodate.
<./figs/within_fraction_proportionality-eps-converted-to.pdf, id=317, 2197.20876pt x 1872.9975pt>
File: ./figs/within_fraction_proportionality-eps-converted-to.pdf Graphic file (type pdf)
<use ./figs/within_fraction_proportionality-eps-converted-to.pdf>
Package pdftex.def Info: ./figs/within_fraction_proportionality-eps-converted-to.pdf  used on input line 362.
(pdftex.def)             Requested size: 426.79134pt x 363.81836pt.
Missing character: There is no Ù in font ptmr7t!
Missing character: There is no è in font ptmr7t!
Missing character: There is no ∞ in font ptmr7t!
Missing character: There is no Ñ in font ptmr7t!
Missing character: There is no Ù in font ptmr7t!
Missing character: There is no è in font ptmr7t!
Missing character: There is no ∞ in font ptmr7t!
Missing character: There is no Ä in font ptmr7t!
Missing character: There is no Ù in font ptmr7t!
Missing character: There is no è in font ptmr7t!
Missing character: There is no ∞ in font ptmr7t!
Missing character: There is no Ñ in font ptmr7t!
Missing character: There is no Ù in font ptmr7t!
Missing character: There is no è in font ptmr7t!
Missing character: There is no ∞ in font ptmr7t!
Missing character: There is no Ä in font ptmr7t!
Missing character: There is no Ù in font ptmr7t!
Missing character: There is no è in font ptmr7t!
Missing character: There is no ∞ in font ptmr7t!
Missing character: There is no Ñ in font ptmr7t!
Missing character: There is no Ù in font ptmr7t!
Missing character: There is no è in font ptmr7t!
Missing character: There is no ∞ in font ptmr7t!
Missing character: There is no Ñ in font ptmr7t!
Missing character: There is no Ù in font ptmr7t!
Missing character: There is no è in font ptmr7t!
Missing character: There is no ∞ in font ptmr7t!
Missing character: There is no Ñ in font ptmr7t!
Missing character: There is no Ù in font ptmr7t!
Missing character: There is no è in font ptmr7t!
Missing character: There is no ∞ in font ptmr7t!
Missing character: There is no Ä in font ptmr7t!
Missing character: There is no Ù in font ptmr7t!
Missing character: There is no è in font ptmr7t!
Missing character: There is no ∞ in font ptmr7t!
Missing character: There is no Ñ in font ptmr7t!
Missing character: There is no Ù in font ptmr7t!
Missing character: There is no è in font ptmr7t!
Missing character: There is no ∞ in font ptmr7t!
Missing character: There is no Ä in font ptmr7t!

Underfull \hbox (badness 2126) in paragraph at lines 395--400
\OT1/ptm/m/n/10 from deeper and colder water from welling up to the
 []


Underfull \hbox (badness 1577) in paragraph at lines 395--400
\OT1/ptm/m/n/10 virioplankton communities changed with the changes of
 []

[7 <./figs/sample_day_pca-eps-converted-to.pdf>]
Underfull \vbox (badness 10000) has occurred while \output is active []


Underfull \vbox (badness 10000) has occurred while \output is active []

 [8 <./figs/dendrogram_vertical-eps-converted-to.pdf>]
Underfull \hbox (badness 1102) in paragraph at lines 412--419
\OT1/ptm/m/n/10 a local maximum on Jul11 (Julian Day 192). Later on,
 []


Underfull \vbox (badness 10000) has occurred while \output is active []

 [9 <./figs/Bacterial_and_viral_shannon_day-eps-converted-to.pdf>] (/Users/lingyi/Documents/manuscripts/NAR-LaTeX-WORKING/.texpadtmp/main.bbl
Underfull \vbox (badness 10000) has occurred while \output is active []

Missing character: There is no ƒ in font ptmr7t!
Missing character: There is no ± in font ptmr7t!
Missing character: There is no Ã in font ptmr7t!
Missing character: There is no Å in font ptmr7t!

Underfull \hbox (badness 2142) in paragraph at lines 74--77
\OT1/ptm/m/n/8 regulation, regulation, regulation.  \OT1/ptm/m/it/8 Trends in Biochemical Sciences\OT1/ptm/m/n/8 ,
 []


Underfull \vbox (badness 10000) has occurred while \output is active []

 [10 <./figs/within_fraction_proportionality-eps-converted-to.pdf>]
Underfull \vbox (badness 10000) has occurred while \output is active []

)
Package atveryend Info: Empty hook `BeforeClearDocument' on input line 453.
 [11]
Package atveryend Info: Empty hook `AfterLastShipout' on input line 453.
 (/Users/lingyi/Documents/manuscripts/NAR-LaTeX-WORKING/.texpadtmp/main.aux)
Package atveryend Info: Executing hook `AtVeryEndDocument' on input line 453.
Package atveryend Info: Executing hook `AtEndAfterFileList' on input line 453.
Package rerunfilecheck Info: File `main.out' has not changed.
(rerunfilecheck)             Checksum: <no file>.


LaTeX Font Warning: Size substitutions with differences
(Font)              up to 1.25pt have occurred.


LaTeX Font Warning: Some font shapes were not available, defaults substituted.

Package atveryend Info: Empty hook `AtVeryVeryEnd' on input line 453.
 ) 
Here is how much of TeX's memory you used:
 18394 strings out of 492649
 349804 string characters out of 6129622
 427479 words of memory out of 5000000
 21933 multiletter control sequences out of 15000+600000
 558935 words of font info for 99 fonts, out of 8000000 for 9000
 1150 hyphenation exceptions out of 8191
 37i,18n,36p,10376b,856s stack positions out of 5000i,500n,10000p,200000b,80000s
pdfTeX warning (dest): name{section*.26} has been referenced but does not exist, replaced by a fixed one

pdfTeX warning (dest): name{section*.24} has been referenced but does not exist, replaced by a fixed one

pdfTeX warning (dest): name{section*.23} has been referenced but does not exist, replaced by a fixed one

pdfTeX warning (dest): name{section*.18} has been referenced but does not exist, replaced by a fixed one

pdfTeX warning (dest): name{section*.10} has been referenced but does not exist, replaced by a fixed one

pdfTeX warning (dest): name{section*.2} has been referenced but does not exist, replaced by a fixed one

pdfTeX warning (dest): name{section*.1} has been referenced but does not exist, replaced by a fixed one

{/usr/local/texlive/2018/texmf-dist/fonts/enc/dvips/base/8r.enc}</usr/local/texlive/2018/texmf-dist/fonts/type1/public/amsfonts/cm/cmmi10.pfb></usr/local/texlive/2018/texmf-dist/fonts/type1/public/amsfonts/cm/cmmi8.pfb></usr/local/texlive/2018/texmf-dist/fonts/type1/public/amsfonts/cm/cmr10.pfb></usr/local/texlive/2018/texmf-dist/fonts/type1/public/amsfonts/cm/cmr8.pfb></usr/local/texlive/2018/texmf-dist/fonts/type1/public/amsfonts/cm/cmss10.pfb></usr/local/texlive/2018/texmf-dist/fonts/type1/public/amsfonts/cm/cmss12.pfb></usr/local/texlive/2018/texmf-dist/fonts/type1/public/amsfonts/cm/cmss17.pfb></usr/local/texlive/2018/texmf-dist/fonts/type1/public/amsfonts/cm/cmss8.pfb></usr/local/texlive/2018/texmf-dist/fonts/type1/public/amsfonts/cm/cmsy10.pfb></usr/local/texlive/2018/texmf-dist/fonts/type1/public/amsfonts/cm/cmsy6.pfb></usr/local/texlive/2018/texmf-dist/fonts/type1/public/amsfonts/cm/cmsy7.pfb></usr/local/texlive/2018/texmf-dist/fonts/type1/public/amsfonts/cm/cmsy8.pfb></usr/local/texlive/2018/texmf-dist/fonts/type1/public/amsfonts/latxfont/lcircle1.pfb></usr/local/texlive/2018/texmf-dist/fonts/type1/urw/courier/ucrr8a.pfb></usr/local/texlive/2018/texmf-dist/fonts/type1/urw/times/utmb8a.pfb></usr/local/texlive/2018/texmf-dist/fonts/type1/urw/times/utmbi8a.pfb></usr/local/texlive/2018/texmf-dist/fonts/type1/urw/times/utmr8a.pfb></usr/local/texlive/2018/texmf-dist/fonts/type1/urw/times/utmri8a.pfb>
Output written on /Users/lingyi/Documents/manuscripts/NAR-LaTeX-WORKING/.texpadtmp/main.pdf (11 pages, 1386465 bytes).
PDF statistics:
 455 PDF objects out of 1000 (max. 8388607)
 409 compressed objects within 5 object streams
 107 named destinations out of 1000 (max. 500000)
 90 words of extra memory for PDF output out of 10000 (max. 10000000)

